[1.615s] DEBUG:colcon:Command line arguments: ['/usr/bin/colcon', 'build', '--packages-select', 'whill_navi2']
[1.615s] DEBUG:colcon:Parsed command line arguments: Namespace(log_base=None, log_level=None, verb_name='build', build_base='build', install_base='install', merge_install=False, symlink_install=False, test_result_base=None, continue_on_error=False, executor='parallel', parallel_workers=12, event_handlers=None, ignore_user_meta=False, metas=['./colcon.meta'], base_paths=['.'], packages_ignore=None, packages_ignore_regex=None, paths=None, packages_up_to=None, packages_up_to_regex=None, packages_above=None, packages_above_and_dependencies=None, packages_above_depth=None, packages_select_by_dep=None, packages_skip_by_dep=None, packages_skip_up_to=None, packages_select_build_failed=False, packages_skip_build_finished=False, packages_select_test_failures=False, packages_skip_test_passed=False, packages_select=['whill_navi2'], packages_skip=None, packages_select_regex=None, packages_skip_regex=None, packages_start=None, packages_end=None, allow_overriding=[], cmake_args=None, cmake_target=None, cmake_target_skip_unavailable=False, cmake_clean_cache=False, cmake_clean_first=False, cmake_force_configure=False, meson_args=[], ament_cmake_args=None, catkin_cmake_args=None, catkin_skip_building_tests=False, mixin_files=None, mixin=None, verb_parser=<colcon_alias.argument_parser.alias.AliasArgumentDecorator object at 0x7f0b02611630>, verb_extension=<colcon_core.verb.build.BuildVerb object at 0x7f0b02610460>, main=<bound method BuildVerb.main of <colcon_core.verb.build.BuildVerb object at 0x7f0b02610460>>, mixin_verb=('build',))
[1.660s] Level 1:colcon.colcon_core.package_discovery:discover_packages(colcon_meta) check parameters
[1.660s] Level 1:colcon.colcon_core.package_discovery:discover_packages(recursive) check parameters
[1.660s] Level 1:colcon.colcon_core.package_discovery:discover_packages(ignore) check parameters
[1.660s] Level 1:colcon.colcon_core.package_discovery:discover_packages(path) check parameters
[1.660s] Level 1:colcon.colcon_core.package_discovery:discover_packages(colcon_meta) discover
[1.660s] Level 1:colcon.colcon_core.package_discovery:discover_packages(recursive) discover
[1.661s] INFO:colcon.colcon_core.package_discovery:Crawling recursively for packages in '/home/robo/whill2_ws/src/whill_navi2'
[1.661s] Level 1:colcon.colcon_core.package_identification:_identify(.) by extensions ['ignore', 'ignore_ament_install']
[1.661s] Level 1:colcon.colcon_core.package_identification:_identify(.) by extension 'ignore'
[1.661s] Level 1:colcon.colcon_core.package_identification:_identify(.) by extension 'ignore_ament_install'
[1.661s] Level 1:colcon.colcon_core.package_identification:_identify(.) by extensions ['colcon_pkg']
[1.661s] Level 1:colcon.colcon_core.package_identification:_identify(.) by extension 'colcon_pkg'
[1.661s] Level 1:colcon.colcon_core.package_identification:_identify(.) by extensions ['colcon_meta']
[1.661s] Level 1:colcon.colcon_core.package_identification:_identify(.) by extension 'colcon_meta'
[1.661s] Level 1:colcon.colcon_core.package_identification:_identify(.) by extensions ['ros']
[1.661s] Level 1:colcon.colcon_core.package_identification:_identify(.) by extension 'ros'
[1.672s] DEBUG:colcon.colcon_core.package_identification:Package '.' with type 'ros.ament_python' and name 'whill_navi2'
[1.672s] Level 1:colcon.colcon_core.package_discovery:discover_packages(recursive) using defaults
[1.672s] Level 1:colcon.colcon_core.package_discovery:discover_packages(ignore) discover
[1.672s] Level 1:colcon.colcon_core.package_discovery:discover_packages(ignore) using defaults
[1.672s] Level 1:colcon.colcon_core.package_discovery:discover_packages(path) discover
[1.672s] Level 1:colcon.colcon_core.package_discovery:discover_packages(path) using defaults
[1.762s] Level 1:colcon.colcon_core.package_discovery:discover_packages(prefix_path) check parameters
[1.762s] Level 1:colcon.colcon_core.package_discovery:discover_packages(prefix_path) discover
[1.794s] DEBUG:colcon.colcon_installed_package_information.package_discovery:Found 41 installed packages in /home/robo/whill2_ws/install
[1.810s] DEBUG:colcon.colcon_installed_package_information.package_discovery:Found 386 installed packages in /opt/ros/humble
[1.811s] Level 1:colcon.colcon_core.package_discovery:discover_packages(prefix_path) using defaults
[1.931s] Level 5:colcon.colcon_core.verb:set package 'whill_navi2' build argument 'cmake_args' from command line to 'None'
[1.931s] Level 5:colcon.colcon_core.verb:set package 'whill_navi2' build argument 'cmake_target' from command line to 'None'
[1.931s] Level 5:colcon.colcon_core.verb:set package 'whill_navi2' build argument 'cmake_target_skip_unavailable' from command line to 'False'
[1.931s] Level 5:colcon.colcon_core.verb:set package 'whill_navi2' build argument 'cmake_clean_cache' from command line to 'False'
[1.931s] Level 5:colcon.colcon_core.verb:set package 'whill_navi2' build argument 'cmake_clean_first' from command line to 'False'
[1.931s] Level 5:colcon.colcon_core.verb:set package 'whill_navi2' build argument 'cmake_force_configure' from command line to 'False'
[1.931s] Level 5:colcon.colcon_core.verb:set package 'whill_navi2' build argument 'meson_args' from command line to '[]'
[1.931s] Level 5:colcon.colcon_core.verb:set package 'whill_navi2' build argument 'ament_cmake_args' from command line to 'None'
[1.931s] Level 5:colcon.colcon_core.verb:set package 'whill_navi2' build argument 'catkin_cmake_args' from command line to 'None'
[1.931s] Level 5:colcon.colcon_core.verb:set package 'whill_navi2' build argument 'catkin_skip_building_tests' from command line to 'False'
[1.931s] DEBUG:colcon.colcon_core.verb:Building package 'whill_navi2' with the following arguments: {'ament_cmake_args': None, 'build_base': '/home/robo/whill2_ws/src/whill_navi2/build/whill_navi2', 'catkin_cmake_args': None, 'catkin_skip_building_tests': False, 'cmake_args': None, 'cmake_clean_cache': False, 'cmake_clean_first': False, 'cmake_force_configure': False, 'cmake_target': None, 'cmake_target_skip_unavailable': False, 'install_base': '/home/robo/whill2_ws/src/whill_navi2/install/whill_navi2', 'merge_install': False, 'meson_args': [], 'path': '/home/robo/whill2_ws/src/whill_navi2', 'symlink_install': False, 'test_result_base': None}
[1.945s] INFO:colcon.colcon_core.executor:Executing jobs using 'parallel' executor
[1.964s] DEBUG:colcon.colcon_parallel_executor.executor.parallel:run_until_complete
[1.964s] INFO:colcon.colcon_ros.task.ament_python.build:Building ROS package in '/home/robo/whill2_ws/src/whill_navi2' with build type 'ament_python'
[1.965s] Level 1:colcon.colcon_core.shell:create_environment_hook('whill_navi2', 'ament_prefix_path')
[1.996s] INFO:colcon.colcon_core.plugin_system:Skipping extension 'colcon_core.shell.bat': Not used on non-Windows systems
[1.997s] INFO:colcon.colcon_core.shell:Creating environment hook '/home/robo/whill2_ws/src/whill_navi2/install/whill_navi2/share/whill_navi2/hook/ament_prefix_path.ps1'
[1.997s] INFO:colcon.colcon_core.shell:Creating environment descriptor '/home/robo/whill2_ws/src/whill_navi2/install/whill_navi2/share/whill_navi2/hook/ament_prefix_path.dsv'
[1.998s] INFO:colcon.colcon_core.shell:Creating environment hook '/home/robo/whill2_ws/src/whill_navi2/install/whill_navi2/share/whill_navi2/hook/ament_prefix_path.sh'
[2.014s] INFO:colcon.colcon_core.shell:Skip shell extension 'powershell' for command environment: Not usable outside of PowerShell
[2.014s] DEBUG:colcon.colcon_core.shell:Skip shell extension 'dsv' for command environment
[2.354s] INFO:colcon.colcon_core.task.python.build:Building Python package in '/home/robo/whill2_ws/src/whill_navi2'
[2.369s] INFO:colcon.colcon_core.shell:Skip shell extension 'powershell' for command environment: Not usable outside of PowerShell
[2.369s] DEBUG:colcon.colcon_core.shell:Skip shell extension 'dsv' for command environment
[2.813s] DEBUG:colcon.colcon_core.event_handler.log_command:Invoking command in '/home/robo/whill2_ws/src/whill_navi2': PYTHONPATH=/home/robo/whill2_ws/src/whill_navi2/build/whill_navi2/prefix_override:/home/robo/whill2_ws/src/whill_navi2/install/whill_navi2/lib/python3.10/site-packages:${PYTHONPATH} /usr/bin/python3 setup.py egg_info --egg-base build/whill_navi2 build --build-base /home/robo/whill2_ws/src/whill_navi2/build/whill_navi2/build install --record /home/robo/whill2_ws/src/whill_navi2/build/whill_navi2/install.log --single-version-externally-managed
[3.145s] DEBUG:colcon.colcon_core.event_handler.log_command:Invoked command in '/home/robo/whill2_ws/src/whill_navi2' returned '0': PYTHONPATH=/home/robo/whill2_ws/src/whill_navi2/build/whill_navi2/prefix_override:/home/robo/whill2_ws/src/whill_navi2/install/whill_navi2/lib/python3.10/site-packages:${PYTHONPATH} /usr/bin/python3 setup.py egg_info --egg-base build/whill_navi2 build --build-base /home/robo/whill2_ws/src/whill_navi2/build/whill_navi2/build install --record /home/robo/whill2_ws/src/whill_navi2/build/whill_navi2/install.log --single-version-externally-managed
[3.166s] Level 1:colcon.colcon_core.environment:checking '/home/robo/whill2_ws/src/whill_navi2/install/whill_navi2' for CMake module files
[3.167s] Level 1:colcon.colcon_core.environment:checking '/home/robo/whill2_ws/src/whill_navi2/install/whill_navi2' for CMake config files
[3.167s] Level 1:colcon.colcon_core.environment:checking '/home/robo/whill2_ws/src/whill_navi2/install/whill_navi2/lib'
[3.167s] Level 1:colcon.colcon_core.environment:checking '/home/robo/whill2_ws/src/whill_navi2/install/whill_navi2/bin'
[3.168s] Level 1:colcon.colcon_core.environment:checking '/home/robo/whill2_ws/src/whill_navi2/install/whill_navi2/lib/pkgconfig/whill_navi2.pc'
[3.168s] Level 1:colcon.colcon_core.environment:checking '/home/robo/whill2_ws/src/whill_navi2/install/whill_navi2/lib/python3.10/site-packages'
[3.168s] Level 1:colcon.colcon_core.shell:create_environment_hook('whill_navi2', 'pythonpath')
[3.188s] INFO:colcon.colcon_core.shell:Creating environment hook '/home/robo/whill2_ws/src/whill_navi2/install/whill_navi2/share/whill_navi2/hook/pythonpath.ps1'
[3.188s] INFO:colcon.colcon_core.shell:Creating environment descriptor '/home/robo/whill2_ws/src/whill_navi2/install/whill_navi2/share/whill_navi2/hook/pythonpath.dsv'
[3.189s] INFO:colcon.colcon_core.shell:Creating environment hook '/home/robo/whill2_ws/src/whill_navi2/install/whill_navi2/share/whill_navi2/hook/pythonpath.sh'
[3.189s] Level 1:colcon.colcon_core.environment:checking '/home/robo/whill2_ws/src/whill_navi2/install/whill_navi2/bin'
[3.189s] Level 1:colcon.colcon_core.environment:create_environment_scripts_only(whill_navi2)
[3.207s] INFO:colcon.colcon_core.shell:Creating package script '/home/robo/whill2_ws/src/whill_navi2/install/whill_navi2/share/whill_navi2/package.ps1'
[3.208s] INFO:colcon.colcon_core.shell:Creating package descriptor '/home/robo/whill2_ws/src/whill_navi2/install/whill_navi2/share/whill_navi2/package.dsv'
[3.208s] INFO:colcon.colcon_core.shell:Creating package script '/home/robo/whill2_ws/src/whill_navi2/install/whill_navi2/share/whill_navi2/package.sh'
[3.209s] INFO:colcon.colcon_core.shell:Creating package script '/home/robo/whill2_ws/src/whill_navi2/install/whill_navi2/share/whill_navi2/package.bash'
[3.210s] INFO:colcon.colcon_core.shell:Creating package script '/home/robo/whill2_ws/src/whill_navi2/install/whill_navi2/share/whill_navi2/package.zsh'
[3.211s] Level 1:colcon.colcon_core.environment:create_file_with_runtime_dependencies(/home/robo/whill2_ws/src/whill_navi2/install/whill_navi2/share/colcon-core/packages/whill_navi2)
[3.212s] DEBUG:colcon.colcon_parallel_executor.executor.parallel:closing loop
[3.212s] DEBUG:colcon.colcon_parallel_executor.executor.parallel:loop closed
[3.212s] DEBUG:colcon.colcon_parallel_executor.executor.parallel:run_until_complete finished with '0'
[3.212s] DEBUG:colcon.colcon_core.event_reactor:joining thread
[3.236s] INFO:colcon.colcon_core.plugin_system:Skipping extension 'colcon_notification.desktop_notification.terminal_notifier': Not used on non-Darwin systems
[3.236s] INFO:colcon.colcon_core.plugin_system:Skipping extension 'colcon_notification.desktop_notification.win32': Not used on non-Windows systems
[3.236s] INFO:colcon.colcon_notification.desktop_notification:Sending desktop notification using 'notify2'
[3.254s] DEBUG:colcon.colcon_core.event_reactor:joined thread
[3.272s] INFO:colcon.colcon_core.shell:Creating prefix script '/home/robo/whill2_ws/src/whill_navi2/install/local_setup.ps1'
[3.274s] INFO:colcon.colcon_core.shell:Creating prefix util module '/home/robo/whill2_ws/src/whill_navi2/install/_local_setup_util_ps1.py'
[3.275s] INFO:colcon.colcon_core.shell:Creating prefix chain script '/home/robo/whill2_ws/src/whill_navi2/install/setup.ps1'
[3.296s] INFO:colcon.colcon_core.shell:Creating prefix script '/home/robo/whill2_ws/src/whill_navi2/install/local_setup.sh'
[3.296s] INFO:colcon.colcon_core.shell:Creating prefix util module '/home/robo/whill2_ws/src/whill_navi2/install/_local_setup_util_sh.py'
[3.297s] INFO:colcon.colcon_core.shell:Creating prefix chain script '/home/robo/whill2_ws/src/whill_navi2/install/setup.sh'
[3.317s] INFO:colcon.colcon_core.shell:Creating prefix script '/home/robo/whill2_ws/src/whill_navi2/install/local_setup.bash'
[3.318s] INFO:colcon.colcon_core.shell:Creating prefix chain script '/home/robo/whill2_ws/src/whill_navi2/install/setup.bash'
[3.338s] INFO:colcon.colcon_core.shell:Creating prefix script '/home/robo/whill2_ws/src/whill_navi2/install/local_setup.zsh'
[3.339s] INFO:colcon.colcon_core.shell:Creating prefix chain script '/home/robo/whill2_ws/src/whill_navi2/install/setup.zsh'
